<?xml version="1.0" encoding="UTF-8"?>
<testsuite xmlns:xsi="http://www.w3.org/2001/XMLSchema-instance" xsi:noNamespaceSchemaLocation="https://maven.apache.org/surefire/maven-surefire-plugin/xsd/surefire-test-report.xsd" version="3.0.2" name="TestSuite" time="36.033" tests="3" errors="0" skipped="0" failures="0">
  <properties>
[...]
</properties>
  <testcase name="runScenario[&quot;Flipkart application to search the product&quot;, &quot;Flipkart Application&quot;](1)" classname="com.runner.TestRunner" time="24.942">
    <system-out><![CDATA[
@reg
Scenario: Flipkart application to search the product # src/test/resources/features/search_product.feature:8
2025-03-07 07:21:36 INFO  Library:55 - Browser launched
  Given User should enter the url                    # com.stepdefinations.Search_Stepdefination.user_should_enter_the_url()
  When User should click input box                   # com.stepdefinations.Search_Stepdefination.user_should_click_input_box()
Tv
Fridge
Speaker
Camara
Fan
mobile
  And User should enter the search products          # com.stepdefinations.Search_Stepdefination.user_should_enter_the_search_products()
  And user should click enter                        # com.stepdefinations.Search_Stepdefination.user_should_click_enter()
  Then User get the result                           # com.stepdefinations.Search_Stepdefination.user_get_the_result()
]]></system-out>
    <system-err><![CDATA[Mar 07, 2025 7:21:36 AM org.openqa.selenium.devtools.CdpVersionFinder findNearestMatch
WARNING: Unable to find an exact match for CDP version 133, returning the closest version; found: 131; Please update to a Selenium version that supports CDP version 133
]]></system-err>
  </testcase>
  <testcase name="runScenario[&quot;: Flipkart application to search the product&quot;, &quot;Flipkart Application&quot;](2)" classname="com.runner.TestRunner" time="4.998">
    <system-out><![CDATA[
@reg
Scenario Outline: : Flipkart application to search the product # src/test/resources/features/search_product.feature:20
2025-03-07 07:22:01 INFO  Library:55 - Browser launched
  Given User should enter the url                              # com.stepdefinations.Search_Stepdefination.user_should_enter_the_url()
  When User should click input box                             # com.stepdefinations.Search_Stepdefination.user_should_click_input_box()
  And User should enter the search "mobile"                    # com.stepdefinations.Search_defi.user_should_enter_the_search(java.lang.String)
  And user should click enter                                  # com.stepdefinations.Search_Stepdefination.user_should_click_enter()
  Then User get the result                                     # com.stepdefinations.Search_Stepdefination.user_get_the_result()
]]></system-out>
    <system-err><![CDATA[Mar 07, 2025 7:22:01 AM org.openqa.selenium.devtools.CdpVersionFinder findNearestMatch
WARNING: Unable to find an exact match for CDP version 133, returning the closest version; found: 131; Please update to a Selenium version that supports CDP version 133
]]></system-err>
  </testcase>
  <testcase name="runScenario[&quot;: Flipkart application to search the product&quot;, &quot;Flipkart Application&quot;](3)" classname="com.runner.TestRunner" time="5.167">
    <system-out><![CDATA[
@reg
Scenario Outline: : Flipkart application to search the product # src/test/resources/features/search_product.feature:21
2025-03-07 07:22:06 INFO  Library:55 - Browser launched
  Given User should enter the url                              # com.stepdefinations.Search_Stepdefination.user_should_enter_the_url()
  When User should click input box                             # com.stepdefinations.Search_Stepdefination.user_should_click_input_box()
  And User should enter the search "laptop"                    # com.stepdefinations.Search_defi.user_should_enter_the_search(java.lang.String)
  And user should click enter                                  # com.stepdefinations.Search_Stepdefination.user_should_click_enter()
  Then User get the result                                     # com.stepdefinations.Search_Stepdefination.user_get_the_result()
]]></system-out>
    <system-err><![CDATA[Mar 07, 2025 7:22:06 AM org.openqa.selenium.devtools.CdpVersionFinder findNearestMatch
WARNING: Unable to find an exact match for CDP version 133, returning the closest version; found: 131; Please update to a Selenium version that supports CDP version 133
]]></system-err>
  </testcase>
</testsuite>